<?xml version="1.0" encoding="UTF-8"?>
<testsuite xmlns:xsi="http://www.w3.org/2001/XMLSchema-instance" xsi:noNamespaceSchemaLocation="https://maven.apache.org/surefire/maven-surefire-plugin/xsd/surefire-test-report-3.0.xsd" version="3.0" name="com.cts.junitdemo.StringUtilsTest" time="0" tests="3" errors="0" skipped="0" failures="0">
  <properties>
    <property name="java.specification.version" value="17"/>
    <property name="sun.cpu.isalist" value="amd64"/>
    <property name="sun.jnu.encoding" value="Cp1252"/>
    <property name="java.class.path" value="C:\Users\srisa\Desktop\CTS HANDS ON\Week-2\Module4-Test driven development and Logging framework\JUnitDemo\target\test-classes;C:\Users\srisa\Desktop\CTS HANDS ON\Week-2\Module4-Test driven development and Logging framework\JUnitDemo\target\classes;C:\Users\srisa\.m2\repository\junit\junit\4.13.2\junit-4.13.2.jar;C:\Users\srisa\.m2\repository\org\hamcrest\hamcrest-core\1.3\hamcrest-core-1.3.jar;C:\Users\srisa\.m2\repository\org\hamcrest\hamcrest\2.2\hamcrest-2.2.jar;"/>
    <property name="java.vm.vendor" value="Eclipse Adoptium"/>
    <property name="sun.arch.data.model" value="64"/>
    <property name="user.variant" value=""/>
    <property name="java.vendor.url" value="https://adoptium.net/"/>
    <property name="user.timezone" value="Asia/Calcutta"/>
    <property name="os.name" value="Windows 11"/>
    <property name="java.vm.specification.version" value="17"/>
    <property name="sun.java.launcher" value="SUN_STANDARD"/>
    <property name="user.country" value="IN"/>
    <property name="sun.boot.library.path" value="C:\Program Files\Eclipse Adoptium\jdk-17.0.15.6-hotspot\bin"/>
    <property name="sun.java.command" value="C:\Users\srisa\AppData\Local\Temp\surefire1341245396332414467\surefirebooter2577595413523627050.jar C:\Users\srisa\AppData\Local\Temp\surefire1341245396332414467 2025-06-29T15-40-31_097-jvmRun1 surefire4373404726343819022tmp surefire_05293763915286974416tmp"/>
    <property name="jdk.debug" value="release"/>
    <property name="surefire.test.class.path" value="C:\Users\srisa\Desktop\CTS HANDS ON\Week-2\Module4-Test driven development and Logging framework\JUnitDemo\target\test-classes;C:\Users\srisa\Desktop\CTS HANDS ON\Week-2\Module4-Test driven development and Logging framework\JUnitDemo\target\classes;C:\Users\srisa\.m2\repository\junit\junit\4.13.2\junit-4.13.2.jar;C:\Users\srisa\.m2\repository\org\hamcrest\hamcrest-core\1.3\hamcrest-core-1.3.jar;C:\Users\srisa\.m2\repository\org\hamcrest\hamcrest\2.2\hamcrest-2.2.jar;"/>
    <property name="sun.cpu.endian" value="little"/>
    <property name="user.home" value="C:\Users\srisa"/>
    <property name="user.language" value="en"/>
    <property name="java.specification.vendor" value="Oracle Corporation"/>
    <property name="java.version.date" value="2025-04-15"/>
    <property name="java.home" value="C:\Program Files\Eclipse Adoptium\jdk-17.0.15.6-hotspot"/>
    <property name="file.separator" value="\"/>
    <property name="basedir" value="C:\Users\srisa\Desktop\CTS HANDS ON\Week-2\Module4-Test driven development and Logging framework\JUnitDemo"/>
    <property name="java.vm.compressedOopsMode" value="32-bit"/>
    <property name="line.separator" value="&#10;"/>
    <property name="java.vm.specification.vendor" value="Oracle Corporation"/>
    <property name="java.specification.name" value="Java Platform API Specification"/>
    <property name="surefire.real.class.path" value="C:\Users\srisa\AppData\Local\Temp\surefire1341245396332414467\surefirebooter2577595413523627050.jar"/>
    <property name="user.script" value=""/>
    <property name="sun.management.compiler" value="HotSpot 64-Bit Tiered Compilers"/>
    <property name="java.runtime.version" value="17.0.15+6"/>
    <property name="user.name" value="srisa"/>
    <property name="path.separator" value=";"/>
    <property name="os.version" value="10.0"/>
    <property name="java.runtime.name" value="OpenJDK Runtime Environment"/>
    <property name="file.encoding" value="Cp1252"/>
    <property name="java.vm.name" value="OpenJDK 64-Bit Server VM"/>
    <property name="java.vendor.version" value="Temurin-17.0.15+6"/>
    <property name="localRepository" value="C:\Users\srisa\.m2\repository"/>
    <property name="java.vendor.url.bug" value="https://github.com/adoptium/adoptium-support/issues"/>
    <property name="java.io.tmpdir" value="C:\Users\srisa\AppData\Local\Temp\"/>
    <property name="java.version" value="17.0.15"/>
    <property name="user.dir" value="C:\Users\srisa\Desktop\CTS HANDS ON\Week-2\Module4-Test driven development and Logging framework\JUnitDemo"/>
    <property name="os.arch" value="amd64"/>
    <property name="java.vm.specification.name" value="Java Virtual Machine Specification"/>
    <property name="sun.os.patch.level" value=""/>
    <property name="native.encoding" value="Cp1252"/>
    <property name="java.library.path" value="C:\Program Files\Eclipse Adoptium\jdk-17.0.15.6-hotspot\bin;C:\windows\Sun\Java\bin;C:\windows\system32;C:\windows;C:\Program Files\Eclipse Adoptium\jdk-17.0.15.6-hotspot\bin;C:\app\srisa\product\21c\dbhomeXE\bin;C:\Program Files\Eclipse Adoptium\jdk-17.0.15.6-hotspot\bin;C:\Program Files\Eclipse Adoptium\jdk-17.0.15.6-hotspot\bin;C:\Program Files\Common Files\Oracle\Java\javapath;C:\windows\system32;C:\windows;C:\windows\System32\Wbem;C:\windows\System32\WindowsPowerShell\v1.0\;C:\windows\System32\OpenSSH\;C:\Program Files\nodejs\;C:\Program Files\Git\cmd;C:\Program Files\HP\HP One Agent;C:\Program Files\Docker\Docker\resources\bin;C:\Program Files\Eclipse Adoptium\jdk-17.0.15.6-hotspot\bin;C:\Program Files\Eclipse Adoptium\jdk-17.0.15.6-hotspot\bin;C:\Users\srisa\Downloads\apache-maven-3.9.10-bin\apache-maven-3.9.10\bin;C:\Program Files\Eclipse Adoptium\jdk-17.0.15.6-hotspot\bin;C:\Users\srisa\AppData\Local\Microsoft\WindowsApps;C:\Users\srisa\AppData\Local\Programs\Microsoft VS Code\bin;C:\Users\srisa\AppData\Roaming\npm;C:\Users\srisa\AppData\Local\GitHubDesktop\bin;."/>
    <property name="java.vm.info" value="mixed mode, sharing"/>
    <property name="java.vendor" value="Eclipse Adoptium"/>
    <property name="java.vm.version" value="17.0.15+6"/>
    <property name="java.specification.maintenance.version" value="1"/>
    <property name="sun.io.unicode.encoding" value="UnicodeLittle"/>
    <property name="java.class.version" value="61.0"/>
  </properties>
  <testcase name="testIsPalindromeNull" classname="com.cts.junitdemo.StringUtilsTest" time="0">
    <system-out><![CDATA[Setup: StringUtils instance created
Teardown: StringUtils instance destroyed
]]></system-out>
  </testcase>
  <testcase name="testIsPalindromeTrue" classname="com.cts.junitdemo.StringUtilsTest" time="0">
    <system-out><![CDATA[Setup: StringUtils instance created
Teardown: StringUtils instance destroyed
]]></system-out>
  </testcase>
  <testcase name="testIsPalindromeFalse" classname="com.cts.junitdemo.StringUtilsTest" time="0">
    <system-out><![CDATA[Setup: StringUtils instance created
Teardown: StringUtils instance destroyed
]]></system-out>
  </testcase>
</testsuite>